[2013-11-26 09:23:41] >> PASS oauth:323igsfqd7a5ti3azfvg7iksxnmzlb0
[2013-11-26 09:23:41] >> NICK Spaghetti_Bot
[2013-11-26 09:23:41] >> USER Speghetti_Bot 0 199.9.250.229 :DrWhat's Bot
[2013-11-26 09:23:42] << :tmi.twitch.tv 001 spaghetti_bot :connected to TMI
[2013-11-26 09:23:42] << :tmi.twitch.tv 002 spaghetti_bot :your host is TMI
[2013-11-26 09:23:42] << :tmi.twitch.tv 003 spaghetti_bot :this server is pretty new
[2013-11-26 09:23:42] << :tmi.twitch.tv 004 spaghetti_bot tmi.twitch.tv 0.0.1 w n
[2013-11-26 09:23:42] << :tmi.twitch.tv 375 spaghetti_bot :- tmi.twitch.tv Message of the day -
[2013-11-26 09:23:42] << :tmi.twitch.tv 372 spaghetti_bot :- not much to say here
[2013-11-26 09:23:42] << :tmi.twitch.tv 376 spaghetti_bot :End of /MOTD command
[2013-11-26 09:23:42] >> PRIVMSG NickServ :identify 
[2013-11-26 09:23:47] >> JOIN #nodrwhat,#agnmoddedtibby
[2013-11-26 09:23:47] << :spaghetti_bot!spaghetti_bot@spaghetti_bot.tmi.twitch.tv JOIN #agnmoddedtibby
[2013-11-26 09:23:47] >> WHO #agnmoddedtibby
[2013-11-26 09:23:48] << :spaghetti_bot.tmi.twitch.tv 353 spaghetti_bot = #agnmoddedtibby :spaghetti_bot
[2013-11-26 09:23:48] << :spaghetti_bot.tmi.twitch.tv 366 spaghetti_bot #agnmoddedtibby :End of /NAMES list
[2013-11-26 09:23:48] << :jtv!jtv@jtv.tmi.twitch.tv PRIVMSG spaghetti_bot :HISTORYEND agnmoddedtibby
[2013-11-26 09:23:48] << :spaghetti_bot!spaghetti_bot@spaghetti_bot.tmi.twitch.tv JOIN #nodrwhat
[2013-11-26 09:23:48] << :spaghetti_bot.tmi.twitch.tv 353 spaghetti_bot = #nodrwhat :spaghetti_bot
[2013-11-26 09:23:48] << :spaghetti_bot.tmi.twitch.tv 366 spaghetti_bot #nodrwhat :End of /NAMES list
[2013-11-26 09:23:48] << :jtv!jtv@jtv.tmi.twitch.tv PRIVMSG spaghetti_bot :HISTORYEND nodrwhat
[2013-11-26 09:23:48] << :spaghetti_bot.tmi.twitch.tv 315 spaghetti_bot #agnmoddedtibby :End of /WHO list
[2013-11-26 09:24:07] << :nodrwhat!nodrwhat@nodrwhat.tmi.twitch.tv JOIN #agnmoddedtibby
[2013-11-26 09:24:07] >> WHO #agnmoddedtibby
[2013-11-26 09:24:07] << :agnmoddedtibby!agnmoddedtibby@agnmoddedtibby.tmi.twitch.tv JOIN #agnmoddedtibby
[2013-11-26 09:24:07] << :jtv MODE #agnmoddedtibby +o agnmoddedtibby
[2013-11-26 09:24:07] << :nodrwhat!nodrwhat@nodrwhat.tmi.twitch.tv JOIN #nodrwhat
[2013-11-26 09:24:07] << :jtv MODE #nodrwhat +o nodrwhat
[2013-11-26 09:24:08] << :spaghetti_bot.tmi.twitch.tv 352 spaghetti_bot #agnmoddedtibby nodrwhat spaghetti_bot.tmi.twitch.tv tmi.twitch.tv nodrwhat H :0 nodrwhat
[2013-11-26 09:24:08] << :spaghetti_bot.tmi.twitch.tv 352 spaghetti_bot #agnmoddedtibby spaghetti_bot spaghetti_bot.tmi.twitch.tv tmi.twitch.tv spaghetti_bot H :0 spaghetti_bot
[2013-11-26 09:24:08] << :spaghetti_bot.tmi.twitch.tv 352 spaghetti_bot #agnmoddedtibby agnmoddedtibby spaghetti_bot.tmi.twitch.tv tmi.twitch.tv agnmoddedtibby H :0 agnmoddedtibby
[2013-11-26 09:24:08] << :spaghetti_bot.tmi.twitch.tv 315 spaghetti_bot #agnmoddedtibby :End of /WHO list
[2013-11-26 09:25:29] << :nodrwhat!nodrwhat@nodrwhat.tmi.twitch.tv PRIVMSG #agnmoddedtibby :!rehash
[2013-11-26 09:25:29] >> PRIVMSG #agnmoddedtibby :You are not authorized to use this command. It requires a user level of 99. Your current user level is 0.
